<?xml version="1.0" encoding="UTF-8"?>
<!-- Generated by org.testng.reporters.JUnitXMLReporter -->
<testsuite ignored="0" hostname="AYESHABANU" failures="0" tests="7" name="Surefire test" time="62.627" errors="0" timestamp="2025-03-06T15:49:53 IST">
  <testcase classname="com.automation.test.checkbox.radiobutton.CheckBoxTest" name="VerifyCheckBox" time="2.108"/>
  <testcase classname="com.automation.test.checkbox.radiobutton.SelectRadioButtonTest" name="VerifyRadiobutton" time="6.545"/>
  <testcase classname="com.automation.test.datepickers.DatepickerTest" name="VerifyDatePicker" time="6.953"/>
  <testcase classname="com.automation.test.dropdowns.AnimalsDropdownTest" name="VerifyAnimalsDropdown" time="2.28"/>
  <testcase classname="com.automation.test.dropdowns.ColorsDropdownTest" name="VerifyCountryDropdown" time="2.092"/>
  <testcase classname="com.automation.test.dropdowns.CountryDropdownTest" name="VerifyCountryDropdown" time="2.144"/>
  <testcase classname="com.automation.test.fields.EnterFieldsTest" name="VerifyGUIElements" time="0.559"/>
</testsuite> <!-- Surefire test -->
