<?xml version="1.0" encoding="UTF-8"?>
<!-- Generated by org.testng.reporters.JUnitXMLReporter -->
<testsuite ignored="0" hostname="AYESHABANU" failures="0" tests="2" name=" Chrome browser Select Radio button and Checkbox" time="9.72" errors="0" timestamp="2025-03-03T16:25:53 IST">
  <testcase classname="com.automation.test.checkbox.radiobutton.SelectRadioButtonTest" name="VerifyRadiobutton" time="2.118"/>
  <testcase classname="com.automation.test.checkbox.radiobutton.CheckBoxTest" name="VerifyCheckBox" time="2.104"/>
</testsuite> <!--  Chrome browser Select Radio button and Checkbox -->
