<?xml version="1.0" encoding="UTF-8"?>
<testng-results ignored="0" total="1" passed="1" failed="0" skipped="0">
  <reporter-output>
  </reporter-output>
  <suite started-at="2025-08-06T11:27:40 IST" name="Default suite" finished-at="2025-08-06T11:27:46 IST" duration-ms="6894">
    <groups>
    </groups>
    <test started-at="2025-08-06T11:27:40 IST" name="Default test" finished-at="2025-08-06T11:27:46 IST" duration-ms="6894">
      <class name="com.automation.test.fields.EnterFieldsTest">
        <test-method is-config="true" signature="initWebsite(java.lang.String)[pri:0, instance:com.automation.test.fields.EnterFieldsTest@31dadd46]" started-at="2025-08-06T11:27:40 IST" name="initWebsite" finished-at="2025-08-06T11:27:46 IST" duration-ms="6136" status="PASS">
          <params>
            <param index="0">
              <value>
                <![CDATA[chrome]]>
              </value>
            </param>
          </params>
          <reporter-output>
          </reporter-output>
        </test-method> <!-- initWebsite -->
        <test-method signature="VerifyGUIElements()[pri:0, instance:com.automation.test.fields.EnterFieldsTest@31dadd46]" started-at="2025-08-06T11:27:46 IST" name="VerifyGUIElements" finished-at="2025-08-06T11:27:46 IST" duration-ms="622" status="PASS">
          <reporter-output>
          </reporter-output>
        </test-method> <!-- VerifyGUIElements -->
      </class> <!-- com.automation.test.fields.EnterFieldsTest -->
    </test> <!-- Default test -->
  </suite> <!-- Default suite -->
</testng-results>
