<?xml version="1.0" encoding="UTF-8"?>
<!-- Generated by org.testng.reporters.JUnitXMLReporter -->
<testsuite ignored="4" hostname="AYESHABANU" failures="0" tests="3" name="Automation Tests 2" time="6.747" errors="0" timestamp="2025-02-28T12:50:57 IST">
  <testcase classname="com.automation.base.test2.CountryDropdownTest" name="VerifyCountryDropdown" time="2.216"/>
  <testcase classname="com.automation.base.test2.ColorsDropdownTest" name="VerifyCountryDropdown" time="2.252"/>
  <testcase classname="com.automation.base.test2.AnimalsDropdownTest" name="VerifyCountryDropdown" time="2.241"/>
  <testcase classname="com.automation.base.test.BaseTest" name="@AfterSuite tearDown" time="0.0">
    <ignored/>
  </testcase> <!-- @AfterSuite tearDown -->
  <testcase classname="com.automation.base.test.BaseTest" name="@BeforeSuite setUp" time="0.0">
    <ignored/>
  </testcase> <!-- @BeforeSuite setUp -->
  <testcase classname="com.automation.base.test.BaseTest" name="@AfterSuite tearDown" time="0.0">
    <ignored/>
  </testcase> <!-- @AfterSuite tearDown -->
  <testcase classname="com.automation.base.test.BaseTest" name="@BeforeSuite setUp" time="0.0">
    <ignored/>
  </testcase> <!-- @BeforeSuite setUp -->
</testsuite> <!-- Automation Tests 2 -->
