<?xml version="1.0" encoding="UTF-8"?>
<!-- Generated by org.testng.reporters.JUnitXMLReporter -->
<testsuite ignored="6" hostname="AYESHABANU" failures="0" tests="4" name="Automation Tests" time="15.376" errors="0" timestamp="2025-02-28T12:30:00 IST">
  <testcase classname="com.automation.base.test.EnterFieldsTest" name="VerifyGUIElements" time="8.6"/>
  <testcase classname="com.automation.base.test.SelectRadioButtonTest" name="VerifyRadiobutton" time="2.15"/>
  <testcase classname="com.automation.base.test.CheckBoxTest" name="VerifyCheckBox" time="2.128"/>
  <testcase classname="com.automation.base.test.CountryDropdownTest" name="VerifyCountryDropdown" time="2.238"/>
  <testcase classname="com.automation.base.test.BaseTest" name="@BeforeSuite setUp" time="0.0">
    <ignored/>
  </testcase> <!-- @BeforeSuite setUp -->
  <testcase classname="com.automation.base.test.BaseTest" name="@AfterSuite tearDown" time="0.0">
    <ignored/>
  </testcase> <!-- @AfterSuite tearDown -->
  <testcase classname="com.automation.base.test.BaseTest" name="@AfterSuite tearDown" time="0.0">
    <ignored/>
  </testcase> <!-- @AfterSuite tearDown -->
  <testcase classname="com.automation.base.test.BaseTest" name="@BeforeSuite setUp" time="0.0">
    <ignored/>
  </testcase> <!-- @BeforeSuite setUp -->
  <testcase classname="com.automation.base.test.BaseTest" name="@BeforeSuite setUp" time="0.0">
    <ignored/>
  </testcase> <!-- @BeforeSuite setUp -->
  <testcase classname="com.automation.base.test.BaseTest" name="@AfterSuite tearDown" time="0.0">
    <ignored/>
  </testcase> <!-- @AfterSuite tearDown -->
</testsuite> <!-- Automation Tests -->
