<?xml version="1.0" encoding="UTF-8"?>
<!-- Generated by org.testng.reporters.JUnitXMLReporter -->
<testsuite ignored="4" hostname="AYESHABANU" failures="0" tests="3" name="Automation Tests 1" time="13.075" errors="0" timestamp="2025-02-28T12:50:50 IST">
  <testcase classname="com.automation.base.test.EnterFieldsTest" name="VerifyGUIElements" time="8.563"/>
  <testcase classname="com.automation.base.test.SelectRadioButtonTest" name="VerifyRadiobutton" time="2.147"/>
  <testcase classname="com.automation.base.test.CheckBoxTest" name="VerifyCheckBox" time="2.089"/>
  <testcase classname="com.automation.base.test.BaseTest" name="@AfterSuite tearDown" time="0.0">
    <ignored/>
  </testcase> <!-- @AfterSuite tearDown -->
  <testcase classname="com.automation.base.test.BaseTest" name="@AfterSuite tearDown" time="0.0">
    <ignored/>
  </testcase> <!-- @AfterSuite tearDown -->
  <testcase classname="com.automation.base.test.BaseTest" name="@BeforeSuite setUp" time="0.0">
    <ignored/>
  </testcase> <!-- @BeforeSuite setUp -->
  <testcase classname="com.automation.base.test.BaseTest" name="@BeforeSuite setUp" time="0.0">
    <ignored/>
  </testcase> <!-- @BeforeSuite setUp -->
</testsuite> <!-- Automation Tests 1 -->
