<?xml version="1.0" encoding="UTF-8"?>
<!-- Generated by org.testng.reporters.JUnitXMLReporter -->
<testsuite ignored="0" hostname="AYESHABANU" failures="0" tests="3" name="Select dropdowns" time="22.935" errors="0" timestamp="2025-03-03T15:27:54 IST">
  <testcase classname="com.automation.test.dropdowns.CountryDropdownTest" name="VerifyCountryDropdown" time="2.224"/>
  <testcase classname="com.automation.test.dropdowns.ColorsDropdownTest" name="VerifyCountryDropdown" time="2.239"/>
  <testcase classname="com.automation.test.dropdowns.AnimalsDropdownTest" name="VerifyCountryDropdown" time="2.213"/>
</testsuite> <!-- Select dropdowns -->
