<?xml version="1.0" encoding="UTF-8"?>
<!-- Generated by org.testng.reporters.JUnitXMLReporter -->
<testsuite ignored="0" hostname="AYESHABANU" failures="0" tests="2" name="Select Radio button and Checkbox" time="17.138" errors="0" timestamp="2025-03-03T15:27:31 IST">
  <testcase classname="com.automation.test.checkbox.radiobutton.SelectRadioButtonTest" name="VerifyRadiobutton" time="2.141"/>
  <testcase classname="com.automation.test.checkbox.radiobutton.CheckBoxTest" name="VerifyCheckBox" time="2.114"/>
</testsuite> <!-- Select Radio button and Checkbox -->
